C:\D-Drive\Pankaj\Code\ASP.NET\Web App with ASP.NET Core-Angular\13-Routing with Angular\DutchTreat\client\dist\out-tsc\app\app.component.js
C:\D-Drive\Pankaj\Code\ASP.NET\Web App with ASP.NET Core-Angular\13-Routing with Angular\DutchTreat\client\dist\out-tsc\app\app.component.js.map
C:\D-Drive\Pankaj\Code\ASP.NET\Web App with ASP.NET Core-Angular\13-Routing with Angular\DutchTreat\client\dist\out-tsc\app\shared\Product.js
C:\D-Drive\Pankaj\Code\ASP.NET\Web App with ASP.NET Core-Angular\13-Routing with Angular\DutchTreat\client\dist\out-tsc\app\shared\Product.js.map
C:\D-Drive\Pankaj\Code\ASP.NET\Web App with ASP.NET Core-Angular\13-Routing with Angular\DutchTreat\client\dist\out-tsc\app\shared\Order.js
C:\D-Drive\Pankaj\Code\ASP.NET\Web App with ASP.NET Core-Angular\13-Routing with Angular\DutchTreat\client\dist\out-tsc\app\shared\Order.js.map
C:\D-Drive\Pankaj\Code\ASP.NET\Web App with ASP.NET Core-Angular\13-Routing with Angular\DutchTreat\client\dist\out-tsc\app\services\LoginResults.js
C:\D-Drive\Pankaj\Code\ASP.NET\Web App with ASP.NET Core-Angular\13-Routing with Angular\DutchTreat\client\dist\out-tsc\app\services\LoginResults.js.map
C:\D-Drive\Pankaj\Code\ASP.NET\Web App with ASP.NET Core-Angular\13-Routing with Angular\DutchTreat\client\dist\out-tsc\app\services\store.service.js
C:\D-Drive\Pankaj\Code\ASP.NET\Web App with ASP.NET Core-Angular\13-Routing with Angular\DutchTreat\client\dist\out-tsc\app\services\store.service.js.map
C:\D-Drive\Pankaj\Code\ASP.NET\Web App with ASP.NET Core-Angular\13-Routing with Angular\DutchTreat\client\dist\out-tsc\app\views\productListView.component.js
C:\D-Drive\Pankaj\Code\ASP.NET\Web App with ASP.NET Core-Angular\13-Routing with Angular\DutchTreat\client\dist\out-tsc\app\views\productListView.component.js.map
C:\D-Drive\Pankaj\Code\ASP.NET\Web App with ASP.NET Core-Angular\13-Routing with Angular\DutchTreat\client\dist\out-tsc\app\views\cartView.component.js
C:\D-Drive\Pankaj\Code\ASP.NET\Web App with ASP.NET Core-Angular\13-Routing with Angular\DutchTreat\client\dist\out-tsc\app\views\cartView.component.js.map
C:\D-Drive\Pankaj\Code\ASP.NET\Web App with ASP.NET Core-Angular\13-Routing with Angular\DutchTreat\client\dist\out-tsc\app\pages\checkout.component.js
C:\D-Drive\Pankaj\Code\ASP.NET\Web App with ASP.NET Core-Angular\13-Routing with Angular\DutchTreat\client\dist\out-tsc\app\pages\checkout.component.js.map
C:\D-Drive\Pankaj\Code\ASP.NET\Web App with ASP.NET Core-Angular\13-Routing with Angular\DutchTreat\client\dist\out-tsc\app\pages\loginPage.component.js
C:\D-Drive\Pankaj\Code\ASP.NET\Web App with ASP.NET Core-Angular\13-Routing with Angular\DutchTreat\client\dist\out-tsc\app\pages\loginPage.component.js.map
C:\D-Drive\Pankaj\Code\ASP.NET\Web App with ASP.NET Core-Angular\13-Routing with Angular\DutchTreat\client\dist\out-tsc\app\pages\shopPage.component.js
C:\D-Drive\Pankaj\Code\ASP.NET\Web App with ASP.NET Core-Angular\13-Routing with Angular\DutchTreat\client\dist\out-tsc\app\pages\shopPage.component.js.map
C:\D-Drive\Pankaj\Code\ASP.NET\Web App with ASP.NET Core-Angular\13-Routing with Angular\DutchTreat\client\dist\out-tsc\app\services\authActivator.service.js
C:\D-Drive\Pankaj\Code\ASP.NET\Web App with ASP.NET Core-Angular\13-Routing with Angular\DutchTreat\client\dist\out-tsc\app\services\authActivator.service.js.map
C:\D-Drive\Pankaj\Code\ASP.NET\Web App with ASP.NET Core-Angular\13-Routing with Angular\DutchTreat\client\dist\out-tsc\app\router\index.js
C:\D-Drive\Pankaj\Code\ASP.NET\Web App with ASP.NET Core-Angular\13-Routing with Angular\DutchTreat\client\dist\out-tsc\app\router\index.js.map
C:\D-Drive\Pankaj\Code\ASP.NET\Web App with ASP.NET Core-Angular\13-Routing with Angular\DutchTreat\client\dist\out-tsc\app\app.module.js
C:\D-Drive\Pankaj\Code\ASP.NET\Web App with ASP.NET Core-Angular\13-Routing with Angular\DutchTreat\client\dist\out-tsc\app\app.module.js.map
C:\D-Drive\Pankaj\Code\ASP.NET\Web App with ASP.NET Core-Angular\13-Routing with Angular\DutchTreat\client\dist\out-tsc\environments\environment.js
C:\D-Drive\Pankaj\Code\ASP.NET\Web App with ASP.NET Core-Angular\13-Routing with Angular\DutchTreat\client\dist\out-tsc\environments\environment.js.map
C:\D-Drive\Pankaj\Code\ASP.NET\Web App with ASP.NET Core-Angular\13-Routing with Angular\DutchTreat\client\dist\out-tsc\main.js
C:\D-Drive\Pankaj\Code\ASP.NET\Web App with ASP.NET Core-Angular\13-Routing with Angular\DutchTreat\client\dist\out-tsc\main.js.map
C:\D-Drive\Pankaj\Code\ASP.NET\Web App with ASP.NET Core-Angular\13-Routing with Angular\DutchTreat\client\dist\out-tsc\polyfills.js
C:\D-Drive\Pankaj\Code\ASP.NET\Web App with ASP.NET Core-Angular\13-Routing with Angular\DutchTreat\client\dist\out-tsc\polyfills.js.map
C:\D-Drive\Pankaj\Code\ASP.NET\Web App with ASP.NET Core-Angular\13-Routing with Angular\DutchTreat\client\dist\out-tsc\environments\environment.prod.js
C:\D-Drive\Pankaj\Code\ASP.NET\Web App with ASP.NET Core-Angular\13-Routing with Angular\DutchTreat\client\dist\out-tsc\environments\environment.prod.js.map
